2025-06-21 17:56:00 | WARN | repo=system-int | action=commit
2025-01-01 09:45:00 | DEBUG | repo=system-int | action=commit
2025-03-12 07:40:00 | INFO | repo=system-int | action=pull
2025-09-08 14:54:00 | DEBUG | repo=system-int | action=commit
2025-10-23 16:05:00 | INFO | repo=system-int | action=commit
2025-11-19 13:36:00 | WARN | repo=system-int | action=commit
2025-06-22 21:12:00 | WARN | repo=system-int | action=edit | files=5
2025-03-20 12:55:00 | DEBUG | repo=system-int | action=commit
2025-04-03 15:16:00 | WARN | repo=system-int | action=commit
2025-08-28 19:08:00 | DEBUG | repo=system-int | action=commit
2025-12-13 07:53:00 | WARN | repo=system-int | action=edit | files=2
2025-08-24 17:59:00 | WARN | repo=system-int | action=commit
2025-01-27 12:42:00 | WARN | repo=system-int | action=edit | files=3
2025-08-24 18:35:00 | DEBUG | repo=system-int | action=edit | files=5
2025-01-05 11:03:00 | WARN | repo=system-int | action=test | passed=true
2025-12-22 07:47:00 | WARN | repo=system-int | action=commit
2025-07-05 09:43:00 | DEBUG | repo=system-int | action=pull
2025-12-09 20:48:00 | WARN | repo=system-int | action=commit
2025-06-22 20:47:00 | DEBUG | repo=system-int | action=test | passed=true
2025-11-16 08:46:00 | INFO | repo=system-int | action=commit
2025-12-20 21:16:00 | WARN | repo=system-int | action=commit
2025-03-23 13:42:00 | WARN | repo=system-int | action=commit
